<?xml version="1.0" encoding="UTF-8"?>
<testng-results skipped="0" failed="0" ignored="0" total="1" passed="1">
  <reporter-output>
    <line>
      <![CDATA[Name is:National Travels, Price: INR 4010,Start Time: 10:30, Seat: 51 Seats]]>
    </line>
    <line>
      <![CDATA[Name is:National Travels, Price: INR 4010,Start Time: 15:45, Seat: 30 Seats]]>
    </line>
    <line>
      <![CDATA[Name is:National Travels, Price: INR 4010,Start Time: 14:00, Seat: 52 Seats]]>
    </line>
    <line>
      <![CDATA[Name is:SRS Travels, Price: INR 2300,Start Time: 11:00, Seat: 24 Seats]]>
    </line>
    <line>
      <![CDATA[Name is:Sea Bird Tourist, Price: INR 2200,Start Time: 18:00, Seat: 35 Seats]]>
    </line>
  </reporter-output>
  <suite name="Default suite" duration-ms="34570" started-at="2017-12-20T07:06:02Z" finished-at="2017-12-20T07:06:37Z">
    <groups>
    </groups>
    <test name="Default test" duration-ms="34570" started-at="2017-12-20T07:06:02Z" finished-at="2017-12-20T07:06:37Z">
      <class name="Redbus">
        <test-method status="PASS" signature="test()[pri:0, instance:Redbus@7dc7cbad]" name="test" duration-ms="34551" started-at="2017-12-20T12:36:02Z" finished-at="2017-12-20T12:36:37Z">
          <reporter-output>
            <line>
              <![CDATA[Name is:National Travels, Price: INR 4010,Start Time: 10:30, Seat: 51 Seats]]>
            </line>
            <line>
              <![CDATA[Name is:National Travels, Price: INR 4010,Start Time: 15:45, Seat: 30 Seats]]>
            </line>
            <line>
              <![CDATA[Name is:National Travels, Price: INR 4010,Start Time: 14:00, Seat: 52 Seats]]>
            </line>
            <line>
              <![CDATA[Name is:SRS Travels, Price: INR 2300,Start Time: 11:00, Seat: 24 Seats]]>
            </line>
            <line>
              <![CDATA[Name is:Sea Bird Tourist, Price: INR 2200,Start Time: 18:00, Seat: 35 Seats]]>
            </line>
          </reporter-output>
        </test-method> <!-- test -->
      </class> <!-- Redbus -->
    </test> <!-- Default test -->
  </suite> <!-- Default suite -->
</testng-results>
